{
  "0 debug pnpm:scope": {
    "selected": 1
  },
  "1 error pnpm": {
    "code": "ELIFECYCLE",
    "errno": "ENOENT",
    "syscall": "spawn",
    "file": "sh",
    "pkgid": "express-sample@1.0.0",
    "stage": "dev",
    "script": "nodemon server.js",
    "pkgname": "express-sample",
    "err": {
      "name": "pnpm",
      "message": "express-sample@1.0.0 dev: `nodemon server.js`\nspawn ENOENT",
      "code": "ELIFECYCLE",
      "stack": "pnpm: express-sample@1.0.0 dev: `nodemon server.js`\nspawn ENOENT\n    at ChildProcess.<anonymous> (/usr/local/lib/node_modules/pnpm/dist/pnpm.cjs:91462:22)\n    at ChildProcess.emit (node:events:390:28)\n    at maybeClose (node:internal/child_process:1064:16)\n    at Process.ChildProcess._handle.onexit (node:internal/child_process:301:5)"
    }
  },
  "2 warn pnpm:global": " Local package.json exists, but node_modules missing, did you mean to install?"
}